<?xml version="1.0" ?>
<!DOCTYPE coverage SYSTEM "http://cobertura.sourceforge.net/xml/coverage-04.dtd">
<coverage lines-valid="104" lines-covered="41" line-rate="0.3942" branches-valid="26" branches-covered="22" branch-rate="0.8461" timestamp="1665398943187" complexity="0" version="0.1">
  <sources>
    <source>C:\Users\vinay\newproject</source>
  </sources>
  <packages>
    <package name="src" line-rate="0.0833" branch-rate="0">
      <classes>
        <class name="App.js" filename="src\App.js" line-rate="1" branch-rate="1">
          <methods>
            <method name="App" hits="2" signature="()V">
              <lines>
                <line number="7" hits="2"/>
              </lines>
            </method>
          </methods>
          <lines>
            <line number="9" hits="2" branch="false"/>
          </lines>
        </class>
        <class name="index.js" filename="src\index.js" line-rate="0" branch-rate="1">
          <methods>
          </methods>
          <lines>
            <line number="9" hits="0" branch="false"/>
            <line number="10" hits="0" branch="false"/>
            <line number="19" hits="0" branch="false"/>
          </lines>
        </class>
        <class name="reportWebVitals.js" filename="src\reportWebVitals.js" line-rate="0" branch-rate="0">
          <methods>
            <method name="(anonymous_0)" hits="0" signature="()V">
              <lines>
                <line number="1" hits="0"/>
              </lines>
            </method>
            <method name="(anonymous_1)" hits="0" signature="()V">
              <lines>
                <line number="3" hits="0"/>
              </lines>
            </method>
          </methods>
          <lines>
            <line number="1" hits="0" branch="false"/>
            <line number="2" hits="0" branch="true" condition-coverage="0% (0/4)"/>
            <line number="3" hits="0" branch="false"/>
            <line number="4" hits="0" branch="false"/>
            <line number="5" hits="0" branch="false"/>
            <line number="6" hits="0" branch="false"/>
            <line number="7" hits="0" branch="false"/>
            <line number="8" hits="0" branch="false"/>
          </lines>
        </class>
      </classes>
    </package>
    <package name="src.components" line-rate="0.9301999999999999" branch-rate="1">
      <classes>
        <class name="Login.js" filename="src\components\Login.js" line-rate="1" branch-rate="1">
          <methods>
            <method name="(anonymous_0)" hits="112" signature="()V">
              <lines>
                <line number="5" hits="112"/>
              </lines>
            </method>
            <method name="fetchData" hits="10" signature="()V">
              <lines>
                <line number="13" hits="10"/>
              </lines>
            </method>
            <method name="(anonymous_2)" hits="10" signature="()V">
              <lines>
                <line number="17" hits="10"/>
              </lines>
            </method>
            <method name="(anonymous_3)" hits="4" signature="()V">
              <lines>
                <line number="22" hits="4"/>
              </lines>
            </method>
            <method name="(anonymous_4)" hits="1" signature="()V">
              <lines>
                <line number="37" hits="1"/>
              </lines>
            </method>
            <method name="(anonymous_5)" hits="68" signature="()V">
              <lines>
                <line number="65" hits="68"/>
              </lines>
            </method>
            <method name="(anonymous_6)" hits="18" signature="()V">
              <lines>
                <line number="75" hits="18"/>
              </lines>
            </method>
            <method name="(anonymous_7)" hits="7" signature="()V">
              <lines>
                <line number="97" hits="7"/>
              </lines>
            </method>
          </methods>
          <lines>
            <line number="5" hits="2" branch="false"/>
            <line number="6" hits="112" branch="false"/>
            <line number="7" hits="111" branch="false"/>
            <line number="8" hits="111" branch="false"/>
            <line number="9" hits="111" branch="false"/>
            <line number="10" hits="111" branch="false"/>
            <line number="11" hits="111" branch="false"/>
            <line number="14" hits="10" branch="false"/>
            <line number="17" hits="111" branch="false"/>
            <line number="18" hits="10" branch="false"/>
            <line number="19" hits="10" branch="false"/>
            <line number="22" hits="111" branch="false"/>
            <line number="23" hits="4" branch="false"/>
            <line number="24" hits="4" branch="false"/>
            <line number="26" hits="4" branch="true" condition-coverage="100% (2/2)"/>
            <line number="27" hits="3" branch="false"/>
            <line number="28" hits="3" branch="false"/>
            <line number="29" hits="3" branch="false"/>
            <line number="30" hits="3" branch="false"/>
            <line number="31" hits="3" branch="false"/>
            <line number="33" hits="1" branch="false"/>
            <line number="34" hits="1" branch="false"/>
            <line number="37" hits="111" branch="false"/>
            <line number="38" hits="1" branch="false"/>
            <line number="39" hits="1" branch="false"/>
            <line number="40" hits="1" branch="false"/>
            <line number="41" hits="1" branch="false"/>
            <line number="42" hits="1" branch="false"/>
            <line number="45" hits="111" branch="false"/>
            <line number="65" hits="68" branch="false"/>
            <line number="75" hits="18" branch="false"/>
            <line number="97" hits="2" branch="false"/>
            <line number="98" hits="7" branch="false"/>
            <line number="99" hits="7" branch="true" condition-coverage="100% (4/4)"/>
            <line number="100" hits="2" branch="false"/>
            <line number="101" hits="5" branch="true" condition-coverage="100% (4/4)"/>
            <line number="102" hits="2" branch="false"/>
            <line number="103" hits="3" branch="true" condition-coverage="100% (2/2)"/>
            <line number="104" hits="2" branch="false"/>
            <line number="106" hits="1" branch="false"/>
          </lines>
        </class>
        <class name="api.js" filename="src\components\api.js" line-rate="0" branch-rate="1">
          <methods>
            <method name="getData" hits="0" signature="()V">
              <lines>
                <line number="1" hits="0"/>
              </lines>
            </method>
          </methods>
          <lines>
            <line number="2" hits="0" branch="false"/>
            <line number="8" hits="0" branch="false"/>
            <line number="9" hits="0" branch="false"/>
          </lines>
        </class>
      </classes>
    </package>
    <package name="src.components._test_" line-rate="0" branch-rate="1">
      <classes>
        <class name="sample.js" filename="src\components\_test_\sample.js" line-rate="0" branch-rate="1">
          <methods>
            <method name="(anonymous_0)" hits="0" signature="()V">
              <lines>
                <line number="9" hits="0"/>
              </lines>
            </method>
            <method name="(anonymous_1)" hits="0" signature="()V">
              <lines>
                <line number="72" hits="0"/>
              </lines>
            </method>
            <method name="(anonymous_2)" hits="0" signature="()V">
              <lines>
                <line number="73" hits="0"/>
              </lines>
            </method>
            <method name="(anonymous_3)" hits="0" signature="()V">
              <lines>
                <line number="78" hits="0"/>
              </lines>
            </method>
            <method name="(anonymous_4)" hits="0" signature="()V">
              <lines>
                <line number="84" hits="0"/>
              </lines>
            </method>
            <method name="(anonymous_5)" hits="0" signature="()V">
              <lines>
                <line number="90" hits="0"/>
              </lines>
            </method>
            <method name="(anonymous_6)" hits="0" signature="()V">
              <lines>
                <line number="95" hits="0"/>
              </lines>
            </method>
            <method name="(anonymous_7)" hits="0" signature="()V">
              <lines>
                <line number="102" hits="0"/>
              </lines>
            </method>
            <method name="(anonymous_8)" hits="0" signature="()V">
              <lines>
                <line number="108" hits="0"/>
              </lines>
            </method>
            <method name="(anonymous_9)" hits="0" signature="()V">
              <lines>
                <line number="121" hits="0"/>
              </lines>
            </method>
            <method name="(anonymous_10)" hits="0" signature="()V">
              <lines>
                <line number="132" hits="0"/>
              </lines>
            </method>
            <method name="(anonymous_11)" hits="0" signature="()V">
              <lines>
                <line number="142" hits="0"/>
              </lines>
            </method>
          </methods>
          <lines>
            <line number="9" hits="0" branch="false"/>
            <line number="72" hits="0" branch="false"/>
            <line number="73" hits="0" branch="false"/>
            <line number="74" hits="0" branch="false"/>
            <line number="77" hits="0" branch="false"/>
            <line number="78" hits="0" branch="false"/>
            <line number="79" hits="0" branch="false"/>
            <line number="84" hits="0" branch="false"/>
            <line number="85" hits="0" branch="false"/>
            <line number="86" hits="0" branch="false"/>
            <line number="87" hits="0" branch="false"/>
            <line number="90" hits="0" branch="false"/>
            <line number="91" hits="0" branch="false"/>
            <line number="92" hits="0" branch="false"/>
            <line number="95" hits="0" branch="false"/>
            <line number="96" hits="0" branch="false"/>
            <line number="97" hits="0" branch="false"/>
            <line number="98" hits="0" branch="false"/>
            <line number="99" hits="0" branch="false"/>
            <line number="102" hits="0" branch="false"/>
            <line number="103" hits="0" branch="false"/>
            <line number="104" hits="0" branch="false"/>
            <line number="105" hits="0" branch="false"/>
            <line number="108" hits="0" branch="false"/>
            <line number="109" hits="0" branch="false"/>
            <line number="110" hits="0" branch="false"/>
            <line number="111" hits="0" branch="false"/>
            <line number="112" hits="0" branch="false"/>
            <line number="113" hits="0" branch="false"/>
            <line number="114" hits="0" branch="false"/>
            <line number="116" hits="0" branch="false"/>
            <line number="117" hits="0" branch="false"/>
            <line number="118" hits="0" branch="false"/>
            <line number="121" hits="0" branch="false"/>
            <line number="122" hits="0" branch="false"/>
            <line number="123" hits="0" branch="false"/>
            <line number="124" hits="0" branch="false"/>
            <line number="125" hits="0" branch="false"/>
            <line number="127" hits="0" branch="false"/>
            <line number="128" hits="0" branch="false"/>
            <line number="129" hits="0" branch="false"/>
            <line number="132" hits="0" branch="false"/>
            <line number="133" hits="0" branch="false"/>
            <line number="134" hits="0" branch="false"/>
            <line number="135" hits="0" branch="false"/>
            <line number="137" hits="0" branch="false"/>
            <line number="140" hits="0" branch="false"/>
            <line number="142" hits="0" branch="false"/>
            <line number="143" hits="0" branch="false"/>
          </lines>
        </class>
      </classes>
    </package>
  </packages>
</coverage>
